# JRE version: OpenJDK Runtime Environment (17.0+35) (build 17+35-2724)
# Java VM: OpenJDK 64-Bit Server VM (17+35-2724, mixed mode, sharing, tiered, compressed oops, compressed class ptrs, g1 gc, windows-amd64)
GC Precious Log:
 CPUs: 4 total, 4 available
 Memory: 12186M
 Large Page Support: Disabled
 NUMA Support: Disabled
 Compressed Oops: Enabled (32-bit)
 Heap Region Size: 1M
 Heap Min Capacity: 8M
 Heap Initial Capacity: 192M
 Heap Max Capacity: 2G
 Pre-touch: Disabled
 Parallel Workers: 4
 Concurrent Workers: 1
 Concurrent Refinement Workers: 4
 Periodic GC: Disabled
Heap:
 garbage-first heap   total 196608K, used 44301K [0x0000000080000000, 0x0000000100000000)
  region size 1024K, 36 young (36864K), 2 survivors (2048K)
 Metaspace       used 9284K, committed 9472K, reserved 1064960K
  class space    used 1261K, committed 1344K, reserved 1048576K
GC Heap History (6 events):
Event: 1.274 GC heap before
{Heap before GC invocations=0 (full 0):
 garbage-first heap   total 196608K, used 15360K [0x0000000080000000, 0x0000000100000000)
  region size 1024K, 13 young (13312K), 0 survivors (0K)
 Metaspace       used 961K, committed 1088K, reserved 1056768K
  class space    used 76K, committed 128K, reserved 1048576K
}
Event: 1.281 GC heap after
{Heap after GC invocations=1 (full 0):
 garbage-first heap   total 196608K, used 3397K [0x0000000080000000, 0x0000000100000000)
  region size 1024K, 2 young (2048K), 2 survivors (2048K)
 Metaspace       used 961K, committed 1088K, reserved 1056768K
  class space    used 76K, committed 128K, reserved 1048576K
}
Event: 2.437 GC heap before
{Heap before GC invocations=1 (full 0):
 garbage-first heap   total 196608K, used 21829K [0x0000000080000000, 0x0000000100000000)
  region size 1024K, 18 young (18432K), 2 survivors (2048K)
 Metaspace       used 3673K, committed 3840K, reserved 1056768K
  class space    used 462K, committed 576K, reserved 1048576K
}
Event: 2.442 GC heap after
{Heap after GC invocations=2 (full 0):
 garbage-first heap   total 196608K, used 9450K [0x0000000080000000, 0x0000000100000000)
  region size 1024K, 3 young (3072K), 3 survivors (3072K)
 Metaspace       used 3673K, committed 3840K, reserved 1056768K
  class space    used 462K, committed 576K, reserved 1048576K
}
Event: 3.298 GC heap before
{Heap before GC invocations=2 (full 0):
 garbage-first heap   total 196608K, used 31978K [0x0000000080000000, 0x0000000100000000)
  region size 1024K, 25 young (25600K), 3 survivors (3072K)
 Metaspace       used 3880K, committed 4096K, reserved 1056768K
  class space    used 476K, committed 576K, reserved 1048576K
}
Event: 3.303 GC heap after
{Heap after GC invocations=3 (full 0):
 garbage-first heap   total 196608K, used 11533K [0x0000000080000000, 0x0000000100000000)
  region size 1024K, 2 young (2048K), 2 survivors (2048K)
 Metaspace       used 3880K, committed 4096K, reserved 1056768K
  class space    used 476K, committed 576K, reserved 1048576K
}

